SF:/Users/dillonnys/dev/ftauth/sdk-dart/ftauth_jwt/lib/src/alg.dart
DA:3,4
DA:20,3
DA:22,3
DA:24,3
DA:26,3
DA:28,3
DA:30,2
DA:32,2
DA:34,2
DA:36,1
DA:38,1
DA:40,0
DA:42,0
DA:44,0
DA:46,0
DA:51,4
DA:53,3
DA:54,12
DA:57,3
DA:60,3
DA:61,0
DA:66,1
DA:68,1
DA:69,1
DA:70,1
DA:72,1
DA:73,1
DA:74,1
DA:76,1
DA:77,1
DA:78,1
DA:79,0
DA:80,0
DA:81,0
DA:83,0
DA:88,0
DA:90,0
DA:91,0
DA:92,0
DA:93,0
DA:94,0
DA:95,0
DA:96,0
DA:97,0
DA:98,0
DA:100,0
DA:101,0
DA:102,0
DA:103,0
LF:49
LH:26
end_of_record
SF:/Users/dillonnys/dev/ftauth/sdk-dart/ftauth_jwt/lib/src/claims.dart
DA:72,1
DA:86,1
DA:88,0
DA:89,0
DA:90,0
DA:91,0
DA:92,0
DA:93,0
DA:94,0
DA:95,0
DA:96,0
DA:97,0
DA:98,0
DA:99,0
DA:100,0
DA:101,0
DA:102,0
DA:105,0
DA:107,1
DA:108,1
DA:110,4
DA:111,1
DA:112,2
DA:116,1
DA:117,1
DA:118,5
DA:119,1
DA:120,3
DA:124,4
DA:125,3
DA:127,1
DA:128,1
DA:132,0
DA:133,0
DA:136,0
DA:138,0
DA:139,0
DA:140,0
DA:142,0
DA:143,0
DA:145,0
DA:146,0
DA:148,0
DA:149,0
DA:151,0
DA:152,0
DA:155,0
DA:156,0
DA:157,0
DA:159,0
DA:160,0
DA:162,0
DA:163,0
DA:178,0
DA:181,0
DA:183,0
DA:184,0
DA:186,0
DA:187,0
DA:189,0
LF:60
LH:16
end_of_record
SF:/Users/dillonnys/dev/ftauth/sdk-dart/ftauth_jwt/lib/src/claims.g.dart
DA:9,1
DA:10,1
DA:11,1
DA:12,1
DA:13,1
DA:14,2
DA:15,2
DA:16,2
DA:17,1
DA:18,1
DA:19,1
DA:21,0
DA:22,1
DA:23,1
DA:24,1
DA:28,1
DA:29,1
DA:31,1
DA:33,1
DA:37,2
DA:38,2
DA:39,2
DA:40,3
DA:41,3
DA:42,3
DA:43,2
DA:44,2
DA:45,2
DA:46,2
DA:47,2
DA:48,2
DA:52,0
DA:53,0
DA:54,0
DA:56,0
DA:57,0
DA:61,0
DA:62,0
DA:64,0
DA:66,0
DA:70,0
DA:71,0
LF:42
LH:30
end_of_record
SF:/Users/dillonnys/dev/ftauth/sdk-dart/ftauth_jwt/lib/src/crypto_key.dart
DA:5,1
DA:6,1
DA:7,1
DA:8,1
DA:9,1
DA:10,1
DA:11,1
DA:12,1
DA:13,1
DA:14,1
DA:15,1
DA:16,1
DA:17,1
DA:18,1
DA:22,0
DA:25,1
DA:26,1
DA:27,1
DA:28,1
DA:29,1
DA:30,1
DA:31,1
DA:32,1
DA:33,1
DA:34,1
DA:35,1
DA:36,1
DA:37,1
DA:38,1
DA:42,0
LF:30
LH:28
end_of_record
SF:/Users/dillonnys/dev/ftauth/sdk-dart/ftauth_jwt/lib/src/elliptic_curve.dart
DA:1,4
DA:4,3
DA:6,3
DA:8,1
DA:10,1
DA:15,2
DA:17,3
DA:19,12
LF:8
LH:8
end_of_record
SF:/Users/dillonnys/dev/ftauth/sdk-dart/ftauth_jwt/lib/src/exception.dart
DA:4,0
DA:6,0
DA:8,0
DA:13,12
DA:15,0
LF:5
LH:1
end_of_record
SF:/Users/dillonnys/dev/ftauth/sdk-dart/ftauth_jwt/lib/src/header.dart
DA:52,1
DA:65,0
DA:66,0
DA:67,0
DA:68,0
DA:69,0
DA:70,0
DA:71,0
DA:72,0
DA:73,0
DA:74,0
DA:75,0
DA:76,0
DA:79,1
DA:80,1
DA:82,2
DA:84,4
DA:86,3
DA:88,1
DA:89,2
DA:90,0
DA:91,0
LF:22
LH:8
end_of_record
SF:/Users/dillonnys/dev/ftauth/sdk-dart/ftauth_jwt/lib/src/header.g.dart
DA:9,1
DA:10,1
DA:11,2
DA:12,1
DA:13,2
DA:14,1
DA:15,1
DA:17,0
DA:18,1
DA:19,1
DA:21,1
DA:22,1
DA:23,1
DA:27,1
DA:28,1
DA:30,1
DA:32,1
DA:36,3
DA:37,2
DA:38,2
DA:39,2
DA:40,2
DA:41,3
DA:42,2
DA:43,2
DA:44,2
DA:45,2
LF:27
LH:26
end_of_record
SF:/Users/dillonnys/dev/ftauth/sdk-dart/ftauth_jwt/lib/src/hmac.dart
DA:10,1
DA:11,1
DA:12,3
DA:14,1
DA:16,1
DA:17,1
DA:18,1
DA:20,1
DA:21,1
DA:23,1
DA:24,1
DA:27,0
DA:29,2
DA:33,1
DA:34,3
DA:38,1
DA:39,2
DA:40,1
LF:18
LH:17
end_of_record
SF:/Users/dillonnys/dev/ftauth/sdk-dart/ftauth_jwt/lib/src/key_ops.dart
DA:1,4
LF:1
LH:1
end_of_record
SF:/Users/dillonnys/dev/ftauth/sdk-dart/ftauth_jwt/lib/src/key_type.dart
DA:1,4
DA:8,3
DA:10,3
DA:12,3
DA:14,2
DA:19,1
DA:20,1
DA:23,3
DA:24,12
DA:27,0
DA:30,0
DA:31,0
LF:12
LH:9
end_of_record
SF:/Users/dillonnys/dev/ftauth/sdk-dart/ftauth_jwt/lib/src/key_use.dart
DA:1,4
DA:7,3
DA:9,3
DA:11,2
DA:16,1
DA:17,1
DA:20,3
DA:22,12
LF:8
LH:8
end_of_record
SF:/Users/dillonnys/dev/ftauth/sdk-dart/ftauth_jwt/lib/src/key.dart
DA:37,3
DA:42,5
DA:102,0
DA:103,0
DA:104,0
DA:105,0
DA:108,0
DA:109,0
DA:110,0
DA:111,0
DA:112,0
DA:113,0
DA:114,0
DA:115,0
DA:116,0
DA:117,0
DA:118,0
DA:120,0
DA:121,0
DA:124,0
DA:125,0
DA:126,0
DA:127,0
DA:128,0
DA:129,0
DA:130,0
DA:131,0
DA:132,0
DA:133,0
DA:134,0
DA:136,0
DA:141,3
DA:165,6
DA:166,3
DA:169,2
DA:170,2
DA:171,2
DA:172,2
DA:173,0
DA:175,2
DA:176,2
DA:178,0
DA:180,0
DA:183,1
DA:185,1
DA:190,1
DA:191,1
DA:192,1
DA:193,1
DA:194,1
DA:195,1
DA:196,1
DA:197,1
DA:198,1
DA:199,1
DA:200,1
DA:201,1
DA:202,1
DA:203,1
DA:204,1
DA:205,1
DA:206,1
DA:207,1
DA:208,1
DA:209,1
DA:210,1
DA:211,1
DA:212,1
DA:213,1
DA:216,3
DA:217,3
DA:219,1
DA:220,1
DA:223,1
DA:224,1
DA:229,3
DA:230,3
DA:231,3
DA:232,3
DA:233,3
DA:234,3
DA:235,2
DA:240,3
DA:241,3
DA:242,3
DA:243,3
DA:244,0
DA:246,3
DA:247,0
DA:249,3
DA:250,0
DA:253,3
DA:254,3
DA:255,0
DA:257,3
DA:258,0
DA:261,2
DA:262,2
DA:263,0
DA:280,0
DA:286,0
DA:287,0
DA:289,0
DA:290,0
DA:292,0
LF:105
LH:61
end_of_record
SF:/Users/dillonnys/dev/ftauth/sdk-dart/ftauth_jwt/lib/src/key.g.dart
DA:9,3
DA:10,3
DA:11,6
DA:12,6
DA:13,3
DA:14,0
DA:15,0
DA:16,6
DA:17,3
DA:18,3
DA:20,3
DA:21,3
DA:22,3
DA:23,6
DA:24,6
DA:25,6
DA:26,6
DA:27,6
DA:28,6
DA:29,6
DA:30,6
DA:31,6
DA:32,6
DA:33,6
DA:34,6
DA:35,3
DA:36,0
DA:37,0
DA:41,1
DA:42,1
DA:44,1
DA:46,1
DA:50,3
DA:51,3
DA:52,1
DA:53,1
DA:54,3
DA:55,2
DA:56,2
DA:57,2
DA:58,2
DA:59,2
DA:60,3
DA:61,3
DA:62,3
DA:63,3
DA:64,3
DA:65,3
DA:66,3
DA:67,3
DA:68,3
DA:69,3
DA:70,3
DA:71,3
DA:72,2
DA:76,0
DA:82,0
DA:84,0
DA:88,0
DA:89,0
DA:90,0
DA:92,0
DA:94,0
DA:97,0
DA:99,0
DA:113,0
DA:114,0
DA:115,0
DA:116,0
DA:117,0
DA:121,0
DA:122,0
DA:124,0
DA:126,0
DA:130,0
DA:131,0
DA:132,0
LF:77
LH:51
end_of_record
SF:/Users/dillonnys/dev/ftauth/sdk-dart/ftauth_jwt/lib/src/keyset.dart
DA:12,2
DA:14,1
DA:15,2
DA:17,2
DA:18,4
DA:19,4
DA:21,2
DA:22,0
DA:26,2
DA:27,2
DA:30,0
LF:11
LH:9
end_of_record
SF:/Users/dillonnys/dev/ftauth/sdk-dart/ftauth_jwt/lib/src/keyset.g.dart
DA:9,0
DA:10,0
DA:11,0
DA:12,0
DA:13,0
DA:17,0
DA:18,0
DA:19,0
LF:8
LH:0
end_of_record
SF:/Users/dillonnys/dev/ftauth/sdk-dart/ftauth_jwt/lib/src/rsa.dart
DA:13,1
DA:15,1
DA:16,1
DA:17,0
DA:20,1
DA:21,1
DA:22,1
DA:24,1
DA:25,1
DA:27,1
DA:28,1
DA:31,0
DA:33,1
DA:35,1
DA:36,1
DA:37,1
DA:38,1
DA:39,1
DA:44,0
DA:45,0
DA:46,0
DA:47,0
DA:48,0
DA:49,0
DA:55,1
DA:56,3
DA:60,0
DA:61,0
DA:69,1
DA:71,1
DA:73,1
DA:74,1
DA:75,1
DA:77,1
DA:78,1
DA:80,1
DA:81,1
DA:84,0
DA:86,1
DA:88,3
DA:93,1
DA:94,3
DA:99,1
DA:104,3
DA:106,2
DA:108,1
DA:109,1
DA:110,2
DA:120,1
DA:124,3
DA:126,2
DA:128,2
DA:129,1
LF:53
LH:42
end_of_record
SF:/Users/dillonnys/dev/ftauth/sdk-dart/ftauth_jwt/lib/src/token.dart
DA:13,0
DA:14,0
DA:15,0
DA:17,0
DA:23,1
DA:24,1
DA:25,1
DA:27,0
DA:30,3
DA:32,1
DA:38,2
DA:39,4
DA:42,1
DA:43,0
DA:45,1
DA:49,0
DA:50,0
DA:51,0
DA:52,0
DA:53,0
DA:54,0
DA:57,1
DA:58,1
DA:59,2
DA:60,0
DA:63,2
DA:64,2
DA:66,1
DA:68,1
DA:69,1
DA:70,2
DA:74,0
DA:76,0
DA:82,1
DA:83,1
DA:84,4
DA:86,3
DA:89,1
DA:90,2
DA:91,2
DA:92,1
DA:95,1
DA:99,2
DA:100,7
DA:101,3
DA:102,5
DA:103,0
DA:106,1
DA:107,5
DA:110,1
DA:111,6
LF:51
LH:35
end_of_record
SF:/Users/dillonnys/dev/ftauth/sdk-dart/ftauth_jwt/lib/src/type.dart
DA:1,4
DA:8,1
DA:10,1
DA:12,0
DA:14,0
DA:19,0
DA:22,0
DA:23,0
DA:28,1
DA:29,4
DA:32,2
LF:11
LH:6
end_of_record
SF:/Users/dillonnys/dev/ftauth/sdk-dart/ftauth_jwt/lib/src/util.dart
DA:8,1
DA:9,2
DA:10,1
DA:16,4
DA:18,4
DA:19,1
DA:24,4
DA:25,4
DA:28,4
DA:30,4
DA:33,2
DA:38,4
DA:40,2
DA:46,2
DA:47,5
DA:48,4
DA:49,4
DA:53,2
DA:58,4
DA:60,4
DA:62,4
DA:66,4
DA:67,4
DA:72,4
DA:74,4
DA:76,8
DA:78,3
DA:80,6
DA:84,3
DA:86,3
DA:88,3
DA:89,9
DA:96,4
DA:98,4
DA:100,4
DA:101,20
DA:105,1
DA:107,2
DA:110,1
DA:112,2
DA:115,3
DA:117,2
DA:120,1
DA:122,1
DA:126,1
DA:130,1
DA:132,1
DA:133,1
DA:134,2
DA:135,2
DA:137,3
LF:51
LH:51
end_of_record
SF:/Users/dillonnys/dev/ftauth/sdk-dart/ftauth_jwt/lib/src/ecdsa.dart
DA:19,1
DA:25,1
DA:26,1
DA:27,0
DA:31,1
DA:32,1
DA:33,1
DA:34,1
DA:36,1
DA:37,1
DA:38,1
DA:40,1
DA:41,1
DA:42,1
DA:45,0
DA:47,4
DA:48,1
DA:50,2
DA:51,1
DA:55,0
DA:56,0
DA:59,1
DA:61,3
DA:64,0
DA:66,0
DA:74,1
DA:76,1
DA:79,1
DA:80,1
DA:81,1
DA:82,1
DA:84,1
DA:85,1
DA:86,1
DA:88,1
DA:89,1
DA:90,1
DA:93,0
DA:95,4
DA:96,1
DA:98,1
DA:102,1
DA:104,3
DA:109,1
DA:114,3
DA:116,2
DA:118,2
DA:119,2
DA:120,2
DA:121,1
DA:122,1
DA:123,1
DA:133,1
DA:137,3
DA:139,1
DA:141,1
DA:142,1
DA:143,1
DA:148,2
DA:149,2
DA:150,2
DA:151,2
LF:62
LH:55
end_of_record
SF:/Users/dillonnys/dev/ftauth/sdk-dart/ftauth_jwt/lib/src/alg.dart
DA:3,0
DA:17,0
DA:20,3
DA:21,3
DA:23,3
DA:25,3
DA:27,3
DA:29,3
DA:31,1
DA:33,1
DA:35,2
DA:37,1
DA:39,1
DA:41,0
DA:43,0
DA:45,0
DA:47,0
DA:49,3
DA:51,3
DA:53,3
DA:54,3
DA:55,3
DA:57,3
DA:58,3
DA:59,0
DA:60,3
DA:62,0
DA:64,3
DA:66,1
DA:67,1
DA:71,1
DA:75,1
DA:82,1
DA:84,0
DA:86,1
LF:35
LH:26
end_of_record
SF:/Users/dillonnys/dev/ftauth/sdk-dart/ftauth_jwt/lib/src/key_use.dart
DA:1,0
DA:4,0
DA:7,3
DA:8,3
DA:10,3
DA:12,2
DA:14,3
DA:17,1
DA:20,2
DA:21,2
DA:22,3
DA:23,2
LF:12
LH:10
end_of_record
SF:/Users/dillonnys/dev/ftauth/sdk-dart/ftauth_jwt/lib/src/key_type.dart
DA:1,0
DA:5,0
DA:8,3
DA:9,3
DA:11,3
DA:13,3
DA:15,2
DA:17,3
DA:20,2
DA:23,2
DA:24,2
DA:25,2
LF:12
LH:10
end_of_record
SF:/Users/dillonnys/dev/ftauth/sdk-dart/ftauth_jwt/lib/src/elliptic_curve.dart
DA:1,0
DA:4,3
DA:5,3
DA:7,3
DA:9,1
DA:11,1
DA:13,3
DA:15,1
DA:17,2
DA:18,2
DA:19,3
DA:20,2
LF:12
LH:11
end_of_record
SF:/Users/dillonnys/dev/ftauth/sdk-dart/ftauth_jwt/lib/src/keyset.dart
DA:12,2
DA:15,1
DA:17,2
DA:18,2
DA:19,2
DA:20,2
DA:21,2
DA:22,0
DA:23,0
DA:25,2
DA:28,2
DA:30,0
LF:12
LH:9
end_of_record
SF:/Users/dillonnys/dev/ftauth/sdk-dart/ftauth_jwt/lib/src/util.dart
DA:8,1
DA:9,1
DA:10,1
DA:11,1
DA:16,4
DA:17,4
DA:18,4
DA:19,1
DA:20,1
DA:22,4
DA:24,2
DA:25,1
DA:31,3
DA:34,1
DA:41,2
DA:42,2
DA:43,2
DA:46,2
DA:47,2
DA:48,2
DA:49,2
DA:53,1
DA:54,2
DA:61,4
DA:62,4
DA:63,3
DA:66,4
DA:67,4
DA:68,4
DA:75,3
DA:76,3
DA:79,2
DA:80,2
DA:84,2
DA:87,2
DA:88,2
DA:89,2
DA:91,2
DA:92,2
DA:96,3
DA:99,3
DA:100,3
DA:101,3
DA:102,3
DA:105,1
DA:106,1
DA:107,1
DA:108,1
DA:110,1
DA:111,1
DA:112,1
DA:113,1
DA:115,3
DA:116,3
DA:117,2
DA:118,3
DA:120,2
DA:121,2
DA:122,1
DA:123,2
DA:126,1
DA:127,1
DA:128,1
DA:133,1
DA:134,1
DA:135,1
DA:137,1
DA:139,1
DA:140,1
LF:69
LH:69
end_of_record
SF:/Users/dillonnys/dev/ftauth/sdk-dart/ftauth_jwt/lib/src/exception.dart
DA:4,1
DA:7,0
DA:8,0
DA:9,0
DA:16,0
LF:5
LH:1
end_of_record
SF:/Users/dillonnys/dev/ftauth/sdk-dart/ftauth_jwt/lib/src/key.dart
DA:20,3
DA:42,2
DA:141,3
DA:144,1
DA:148,1
DA:163,1
DA:165,3
DA:167,2
DA:169,2
DA:170,2
DA:172,2
DA:173,0
DA:175,2
DA:177,2
DA:179,0
DA:181,0
DA:184,0
DA:186,1
DA:188,2
DA:191,1
DA:192,1
DA:193,1
DA:194,1
DA:195,1
DA:196,1
DA:197,1
DA:198,1
DA:199,1
DA:200,1
DA:201,1
DA:202,1
DA:203,1
DA:204,1
DA:205,1
DA:206,1
DA:207,1
DA:208,1
DA:209,1
DA:210,1
DA:211,1
DA:212,1
DA:213,1
DA:214,1
DA:217,3
DA:219,1
DA:220,1
DA:223,1
DA:224,1
DA:226,1
DA:227,1
DA:229,3
DA:230,3
DA:232,3
DA:234,3
DA:236,2
DA:238,3
DA:241,3
DA:243,3
DA:244,0
DA:246,3
DA:247,0
DA:249,3
DA:250,0
DA:252,3
DA:254,3
DA:255,0
DA:257,3
DA:258,0
DA:260,3
DA:262,2
DA:263,0
DA:280,0
DA:287,0
DA:292,1
LF:74
LH:62
end_of_record
SF:/Users/dillonnys/dev/ftauth/sdk-dart/ftauth_jwt/lib/src/key.g.dart
DA:9,3
DA:10,3
DA:11,3
DA:12,3
DA:13,3
DA:14,2
DA:16,3
DA:17,3
DA:18,3
DA:20,3
DA:21,3
DA:22,3
DA:23,3
DA:24,3
DA:25,3
DA:26,3
DA:27,3
DA:28,3
DA:29,3
DA:30,3
DA:31,3
DA:32,3
DA:33,3
DA:34,3
DA:35,3
DA:36,0
DA:39,3
DA:41,2
DA:42,2
DA:44,2
DA:45,1
DA:46,1
DA:48,1
DA:50,2
DA:51,2
DA:52,2
DA:53,3
DA:54,2
DA:55,2
DA:56,2
DA:57,2
DA:58,2
DA:59,2
DA:60,2
DA:61,2
DA:62,2
DA:63,2
DA:64,2
DA:65,2
DA:66,2
DA:67,2
DA:68,2
DA:69,2
DA:70,2
DA:71,2
DA:72,2
DA:73,2
DA:74,2
DA:76,0
DA:81,0
DA:82,0
DA:84,0
DA:88,0
DA:89,2
DA:90,0
DA:92,0
DA:93,0
DA:94,0
DA:98,0
DA:99,0
DA:100,0
DA:115,0
DA:116,0
DA:117,0
DA:121,0
DA:122,0
DA:124,0
DA:125,0
DA:126,0
DA:128,0
DA:130,0
DA:131,0
DA:132,0
DA:133,0
DA:134,0
LF:85
LH:58
end_of_record
SF:/Users/dillonnys/dev/ftauth/sdk-dart/ftauth_jwt/lib/src/key_ops.dart
DA:1,0
DA:10,0
LF:2
LH:0
end_of_record
SF:/Users/dillonnys/dev/ftauth/sdk-dart/ftauth_jwt/lib/src/type.dart
DA:1,0
DA:5,0
DA:8,1
DA:9,1
DA:11,1
DA:13,0
DA:15,0
DA:17,1
DA:28,1
DA:29,1
DA:30,1
DA:32,1
LF:12
LH:8
end_of_record
SF:/Users/dillonnys/dev/ftauth/sdk-dart/ftauth_jwt/lib/src/token.dart
DA:22,1
DA:23,1
DA:24,1
DA:25,1
DA:27,0
DA:28,1
DA:30,1
DA:32,1
DA:39,1
DA:42,1
DA:43,0
DA:45,1
DA:50,0
DA:51,0
DA:52,0
DA:53,0
DA:54,0
DA:55,0
DA:57,1
DA:58,1
DA:59,1
DA:60,0
DA:63,1
DA:64,1
DA:66,1
DA:69,1
DA:70,1
DA:72,1
DA:82,1
DA:83,1
DA:84,1
DA:86,1
DA:87,1
DA:89,1
DA:90,1
DA:91,1
DA:92,1
DA:93,1
DA:95,1
DA:99,1
DA:100,1
DA:101,1
DA:102,1
DA:103,1
DA:104,1
DA:106,1
DA:107,1
DA:108,1
DA:110,1
DA:111,1
DA:112,1
LF:51
LH:42
end_of_record
SF:/Users/dillonnys/dev/ftauth/sdk-dart/ftauth_jwt/lib/src/header.dart
DA:52,1
DA:60,1
DA:66,0
DA:67,0
DA:68,0
DA:69,0
DA:70,0
DA:71,0
DA:72,0
DA:73,0
DA:74,0
DA:75,0
DA:76,0
DA:77,0
DA:80,1
DA:82,1
DA:84,1
DA:86,1
DA:89,1
DA:90,0
DA:91,0
LF:21
LH:7
end_of_record
SF:/Users/dillonnys/dev/ftauth/sdk-dart/ftauth_jwt/lib/src/crypto_key.dart
DA:5,1
DA:6,1
DA:10,1
DA:14,1
DA:18,1
DA:20,0
DA:22,0
DA:23,1
DA:25,1
DA:26,1
DA:30,1
DA:34,1
DA:38,1
DA:40,0
DA:42,0
DA:43,1
LF:16
LH:12
end_of_record
SF:/Users/dillonnys/dev/ftauth/sdk-dart/ftauth_jwt/lib/src/rsa.dart
DA:13,1
DA:16,1
DA:17,0
DA:20,1
DA:22,1
DA:23,1
DA:25,1
DA:26,1
DA:28,1
DA:29,1
DA:31,0
DA:34,0
DA:36,1
DA:37,1
DA:38,1
DA:39,1
DA:55,1
DA:56,1
DA:57,1
DA:60,0
DA:61,0
DA:62,0
DA:69,1
DA:73,1
DA:75,1
DA:76,1
DA:78,1
DA:79,1
DA:81,1
DA:82,1
DA:84,0
DA:87,0
DA:88,1
DA:93,1
DA:94,1
DA:95,1
DA:99,1
DA:104,1
DA:106,1
DA:108,1
DA:114,0
DA:116,1
DA:120,1
DA:124,1
DA:126,1
DA:128,1
DA:129,1
DA:130,1
LF:48
LH:39
end_of_record
SF:/Users/dillonnys/dev/ftauth/sdk-dart/ftauth_jwt/lib/src/ecdsa.dart
DA:19,1
DA:26,1
DA:27,0
DA:31,1
DA:33,1
DA:34,1
DA:35,1
DA:37,1
DA:38,1
DA:39,1
DA:41,1
DA:42,1
DA:43,1
DA:45,0
DA:47,1
DA:50,1
DA:56,0
DA:60,1
DA:61,1
DA:62,1
DA:65,0
DA:66,0
DA:67,0
DA:74,1
DA:79,1
DA:81,1
DA:82,1
DA:83,1
DA:85,1
DA:86,1
DA:87,1
DA:89,1
DA:90,1
DA:91,1
DA:93,0
DA:95,1
DA:97,0
DA:103,1
DA:104,1
DA:105,1
DA:109,1
DA:114,1
DA:116,1
DA:118,1
DA:119,1
DA:120,1
DA:121,1
DA:127,0
DA:129,1
DA:133,1
DA:137,1
DA:139,1
DA:143,1
DA:148,1
DA:149,1
DA:150,1
DA:151,1
DA:152,1
LF:58
LH:49
end_of_record
SF:/Users/dillonnys/dev/ftauth/sdk-dart/ftauth_jwt/lib/src/claims.dart
DA:72,1
DA:86,1
DA:89,0
DA:90,0
DA:91,0
DA:92,0
DA:93,0
DA:94,0
DA:95,0
DA:96,0
DA:97,0
DA:98,0
DA:99,0
DA:100,0
DA:101,0
DA:102,0
DA:103,0
DA:107,1
DA:110,1
DA:111,1
DA:112,1
DA:113,1
DA:114,1
DA:116,1
DA:117,1
DA:118,1
DA:119,1
DA:120,1
DA:122,1
DA:124,1
DA:127,1
DA:128,1
DA:130,1
DA:132,0
DA:133,0
DA:135,0
DA:137,0
DA:139,0
DA:140,0
DA:142,0
DA:143,0
DA:145,0
DA:146,0
DA:148,0
DA:149,0
DA:151,0
DA:152,0
DA:154,0
DA:156,0
DA:157,0
DA:159,0
DA:160,0
DA:162,0
DA:163,0
DA:165,0
DA:167,1
DA:178,0
DA:181,0
DA:184,0
DA:189,1
LF:60
LH:20
end_of_record
SF:/Users/dillonnys/dev/ftauth/sdk-dart/ftauth_jwt/lib/src/claims.g.dart
DA:11,1
DA:12,1
DA:13,1
DA:14,1
DA:15,1
DA:16,1
DA:17,1
DA:18,1
DA:19,1
DA:21,0
DA:22,1
DA:23,1
DA:24,1
DA:28,1
DA:29,1
DA:31,1
DA:32,1
DA:33,1
DA:35,1
DA:37,1
DA:38,1
DA:39,1
DA:40,1
DA:41,1
DA:42,1
DA:43,1
DA:44,1
DA:45,1
DA:46,1
DA:47,1
DA:48,1
DA:49,1
DA:50,1
DA:54,0
DA:56,0
DA:57,0
DA:61,0
DA:62,0
DA:64,0
DA:65,0
DA:66,0
DA:68,0
DA:70,0
DA:71,0
DA:72,0
DA:73,0
LF:46
LH:32
end_of_record
SF:/Users/dillonnys/dev/ftauth/sdk-dart/ftauth_jwt/lib/src/hmac.dart
DA:10,1
DA:11,1
DA:14,1
DA:15,1
DA:16,1
DA:18,1
DA:19,1
DA:21,1
DA:22,1
DA:24,1
DA:25,1
DA:27,0
DA:29,1
DA:30,1
DA:33,1
DA:34,1
DA:35,1
DA:38,1
DA:39,1
DA:40,1
DA:41,0
DA:43,1
LF:22
LH:20
end_of_record
SF:/Users/dillonnys/dev/ftauth/sdk-dart/ftauth_jwt/lib/src/header.g.dart
DA:9,1
DA:10,1
DA:11,1
DA:12,1
DA:13,1
DA:14,1
DA:15,1
DA:17,0
DA:18,1
DA:19,1
DA:21,1
DA:22,1
DA:23,1
DA:25,1
DA:27,1
DA:28,1
DA:30,1
DA:31,1
DA:32,1
DA:34,1
DA:36,1
DA:37,1
DA:38,1
DA:39,1
DA:40,1
DA:41,1
DA:42,1
DA:43,1
DA:44,1
DA:45,1
DA:46,1
DA:47,1
LF:32
LH:31
end_of_record
SF:/Users/dillonnys/dev/ftauth/sdk-dart/ftauth_jwt/lib/src/keyset.g.dart
DA:18,1
DA:19,0
LF:2
LH:1
end_of_record
